<?xml version="1.0" encoding="UTF-8"?>
<!-- Generated by org.testng.reporters.JUnitReportReporter -->
<testsuite skipped="0" hostname="Saif" name="APITesting.com.org.api.WeatherGetRequest" tests="1" failures="0" timestamp="26 Aug 2018 11:30:19 GMT" time="3.456" errors="0">
  <testcase name="Test_10" time="3.456" classname="APITesting.com.org.api.WeatherGetRequest"/>
</testsuite> <!-- APITesting.com.org.api.WeatherGetRequest -->
