<?xml version="1.0" encoding="UTF-8"?>
<!-- Generated by org.testng.reporters.JUnitReportReporter -->
<testsuite skipped="0" hostname="Saif" name="APITesting.com.org.api.JSONServerRequest" tests="1" failures="0" timestamp="28 Aug 2018 03:04:15 GMT" time="1.424" errors="0">
  <testcase name="Test_01" time="1.424" classname="APITesting.com.org.api.JSONServerRequest"/>
</testsuite> <!-- APITesting.com.org.api.JSONServerRequest -->
