<?xml version="1.0" encoding="UTF-8"?>
<!-- Generated by org.testng.reporters.JUnitReportReporter -->
<testsuite skipped="0" hostname="Saif" name="APITesting.com.org.api.WeatherGetRequest" tests="10" failures="0" timestamp="25 Aug 2018 08:47:07 GMT" time="16.787" errors="1">
  <testcase name="Test_05" time="1.651" classname="APITesting.com.org.api.WeatherGetRequest"/>
  <testcase name="Test_06" time="1.566" classname="APITesting.com.org.api.WeatherGetRequest"/>
  <testcase name="Test_09" time="1.178" classname="APITesting.com.org.api.WeatherGetRequest"/>
  <testcase name="Test_07" time="1.586" classname="APITesting.com.org.api.WeatherGetRequest"/>
  <testcase name="Test_02" time="1.664" classname="APITesting.com.org.api.WeatherGetRequest"/>
  <testcase name="Test_01" time="2.840" classname="APITesting.com.org.api.WeatherGetRequest"/>
  <testcase name="Test_03" time="1.609" classname="APITesting.com.org.api.WeatherGetRequest"/>
  <testcase name="Test_10" time="1.301" classname="APITesting.com.org.api.WeatherGetRequest">
    <error type="java.lang.ClassCastException" message="java.lang.Float cannot be cast to [C">
      <![CDATA[java.lang.ClassCastException: java.lang.Float cannot be cast to [C
at APITesting.com.org.api.WeatherGetRequest.Test_10(WeatherGetRequest.java:171)
at sun.reflect.NativeMethodAccessorImpl.invoke0(Native Method)
at sun.reflect.NativeMethodAccessorImpl.invoke(Unknown Source)
at sun.reflect.DelegatingMethodAccessorImpl.invoke(Unknown Source)
at java.lang.reflect.Method.invoke(Unknown Source)
at org.testng.internal.MethodInvocationHelper.invokeMethod(MethodInvocationHelper.java:124)
at org.testng.internal.Invoker.invokeMethod(Invoker.java:583)
at org.testng.internal.Invoker.invokeTestMethod(Invoker.java:719)
at org.testng.internal.Invoker.invokeTestMethods(Invoker.java:989)
at org.testng.internal.TestMethodWorker.invokeTestMethods(TestMethodWorker.java:125)
at org.testng.internal.TestMethodWorker.run(TestMethodWorker.java:109)
at org.testng.TestRunner.privateRun(TestRunner.java:648)
at org.testng.TestRunner.run(TestRunner.java:505)
at org.testng.SuiteRunner.runTest(SuiteRunner.java:455)
at org.testng.SuiteRunner.runSequentially(SuiteRunner.java:450)
at org.testng.SuiteRunner.privateRun(SuiteRunner.java:415)
at org.testng.SuiteRunner.run(SuiteRunner.java:364)
at org.testng.SuiteRunnerWorker.runSuite(SuiteRunnerWorker.java:52)
at org.testng.SuiteRunnerWorker.run(SuiteRunnerWorker.java:84)
at org.testng.TestNG.runSuitesSequentially(TestNG.java:1208)
at org.testng.TestNG.runSuitesLocally(TestNG.java:1137)
at org.testng.TestNG.runSuites(TestNG.java:1049)
at org.testng.TestNG.run(TestNG.java:1017)
at org.testng.remote.AbstractRemoteTestNG.run(AbstractRemoteTestNG.java:114)
at org.testng.remote.RemoteTestNG.initAndRun(RemoteTestNG.java:251)
at org.testng.remote.RemoteTestNG.main(RemoteTestNG.java:77)
]]>
    </error>
  </testcase> <!-- Test_10 -->
  <testcase name="Test_04" time="1.649" classname="APITesting.com.org.api.WeatherGetRequest"/>
  <testcase name="Test_08" time="1.743" classname="APITesting.com.org.api.WeatherGetRequest"/>
</testsuite> <!-- APITesting.com.org.api.WeatherGetRequest -->
