<?xml version="1.0" encoding="UTF-8"?>
<!-- Generated by org.testng.reporters.JUnitReportReporter -->
<testsuite skipped="0" hostname="Saif" name="APITesting.JSONServerRequest" tests="1" failures="0" timestamp="28 Aug 2018 05:24:10 GMT" time="1.473" errors="0">
  <testcase name="Test_01" time="1.473" classname="APITesting.JSONServerRequest"/>
</testsuite> <!-- APITesting.JSONServerRequest -->
