<?xml version="1.0" encoding="UTF-8"?>
<!-- Generated by org.testng.reporters.JUnitReportReporter -->
<testsuite skipped="0" hostname="Saif" name="APITesting.com.org.api.JSONServerRequest" tests="1" failures="0" timestamp="26 Aug 2018 12:15:59 GMT" time="1.514" errors="0">
  <testcase name="Test_01" time="1.514" classname="APITesting.com.org.api.JSONServerRequest"/>
</testsuite> <!-- APITesting.com.org.api.JSONServerRequest -->
