<?xml version="1.0" encoding="UTF-8"?>
<!-- Generated by org.testng.reporters.JUnitReportReporter -->
<testsuite skipped="0" hostname="Saif" name="APITesting.com.org.api.WeatherGetRequest" tests="10" failures="0" timestamp="25 Aug 2018 09:21:59 GMT" time="16.381" errors="0">
  <testcase name="Test_10" time="1.586" classname="APITesting.com.org.api.WeatherGetRequest"/>
  <testcase name="Test_07" time="1.146" classname="APITesting.com.org.api.WeatherGetRequest"/>
  <testcase name="Test_09" time="1.718" classname="APITesting.com.org.api.WeatherGetRequest"/>
  <testcase name="Test_08" time="1.744" classname="APITesting.com.org.api.WeatherGetRequest"/>
  <testcase name="Test_02" time="1.655" classname="APITesting.com.org.api.WeatherGetRequest"/>
  <testcase name="Test_04" time="1.347" classname="APITesting.com.org.api.WeatherGetRequest"/>
  <testcase name="Test_01" time="2.995" classname="APITesting.com.org.api.WeatherGetRequest"/>
  <testcase name="Test_05" time="1.562" classname="APITesting.com.org.api.WeatherGetRequest"/>
  <testcase name="Test_03" time="1.444" classname="APITesting.com.org.api.WeatherGetRequest"/>
  <testcase name="Test_06" time="1.184" classname="APITesting.com.org.api.WeatherGetRequest"/>
</testsuite> <!-- APITesting.com.org.api.WeatherGetRequest -->
