<?xml version="1.0" encoding="UTF-8"?>
<!-- Generated by org.testng.reporters.JUnitReportReporter -->
<testsuite skipped="0" hostname="Saif" name="APITesting.com.org.api.WeatherGetRequest" tests="10" failures="0" timestamp="25 Aug 2018 05:11:45 GMT" time="14.920" errors="0">
  <testcase name="Test_10" time="1.258" classname="APITesting.com.org.api.WeatherGetRequest"/>
  <testcase name="Test_07" time="1.237" classname="APITesting.com.org.api.WeatherGetRequest"/>
  <testcase name="Test_09" time="1.338" classname="APITesting.com.org.api.WeatherGetRequest"/>
  <testcase name="Test_08" time="1.937" classname="APITesting.com.org.api.WeatherGetRequest"/>
  <testcase name="Test_02" time="1.106" classname="APITesting.com.org.api.WeatherGetRequest"/>
  <testcase name="Test_04" time="1.345" classname="APITesting.com.org.api.WeatherGetRequest"/>
  <testcase name="Test_01" time="2.620" classname="APITesting.com.org.api.WeatherGetRequest"/>
  <testcase name="Test_05" time="1.293" classname="APITesting.com.org.api.WeatherGetRequest"/>
  <testcase name="Test_03" time="1.358" classname="APITesting.com.org.api.WeatherGetRequest"/>
  <testcase name="Test_06" time="1.428" classname="APITesting.com.org.api.WeatherGetRequest"/>
</testsuite> <!-- APITesting.com.org.api.WeatherGetRequest -->
